{
"/var/www/00-opensource/tdd-playground/word-wrap/js/WordWrapString.js":{"path":"/var/www/00-opensource/tdd-playground/word-wrap/js/WordWrapString.js","s":{"1":1,"2":1,"3":0,"4":1,"5":1,"6":0,"7":0,"8":1,"9":1,"10":1,"11":1,"12":3,"13":3,"14":3,"15":1,"16":2,"17":1,"18":1,"19":1,"20":1,"21":1,"22":1},"b":{"1":[0,1],"2":[1,0],"3":[1,0],"4":[0,0],"5":[1,2],"6":[1,1],"7":[1,0]},"f":{"1":1,"2":1,"3":1,"4":3},"fnMap":{"1":{"name":"(anonymous_1)","line":2,"loc":{"start":{"line":2,"column":1},"end":{"line":2,"column":21}}},"2":{"name":"(anonymous_2)","line":14,"loc":{"start":{"line":14,"column":4},"end":{"line":14,"column":15}}},"3":{"name":"(anonymous_3)","line":17,"loc":{"start":{"line":17,"column":25},"end":{"line":17,"column":36}}},"4":{"name":"wrap","line":23,"loc":{"start":{"line":23,"column":23},"end":{"line":23,"column":56}}}},"statementMap":{"1":{"start":{"line":2,"column":0},"end":{"line":48,"column":3}},"2":{"start":{"line":4,"column":4},"end":{"line":13,"column":5}},"3":{"start":{"line":5,"column":8},"end":{"line":5,"column":26}},"4":{"start":{"line":7,"column":9},"end":{"line":13,"column":5}},"5":{"start":{"line":8,"column":8},"end":{"line":8,"column":45}},"6":{"start":{"line":11,"column":8},"end":{"line":11,"column":44}},"7":{"start":{"line":12,"column":8},"end":{"line":12,"column":47}},"8":{"start":{"line":17,"column":4},"end":{"line":45,"column":6}},"9":{"start":{"line":18,"column":8},"end":{"line":18,"column":25}},"10":{"start":{"line":19,"column":8},"end":{"line":19,"column":26}},"11":{"start":{"line":23,"column":8},"end":{"line":40,"column":10}},"12":{"start":{"line":24,"column":12},"end":{"line":24,"column":58}},"13":{"start":{"line":25,"column":12},"end":{"line":25,"column":53}},"14":{"start":{"line":27,"column":12},"end":{"line":29,"column":13}},"15":{"start":{"line":28,"column":16},"end":{"line":28,"column":28}},"16":{"start":{"line":31,"column":12},"end":{"line":33,"column":13}},"17":{"start":{"line":32,"column":16},"end":{"line":32,"column":28}},"18":{"start":{"line":35,"column":12},"end":{"line":37,"column":13}},"19":{"start":{"line":36,"column":16},"end":{"line":36,"column":49}},"20":{"start":{"line":39,"column":12},"end":{"line":39,"column":50}},"21":{"start":{"line":44,"column":8},"end":{"line":44,"column":23}},"22":{"start":{"line":47,"column":4},"end":{"line":47,"column":26}}},"branchMap":{"1":{"line":4,"type":"if","locations":[{"start":{"line":4,"column":4},"end":{"line":4,"column":4}},{"start":{"line":4,"column":4},"end":{"line":4,"column":4}}]},"2":{"line":4,"type":"binary-expr","locations":[{"start":{"line":4,"column":9},"end":{"line":4,"column":37}},{"start":{"line":4,"column":41},"end":{"line":4,"column":51}}]},"3":{"line":7,"type":"if","locations":[{"start":{"line":7,"column":9},"end":{"line":7,"column":9}},{"start":{"line":7,"column":9},"end":{"line":7,"column":9}}]},"4":{"line":11,"type":"binary-expr","locations":[{"start":{"line":11,"column":24},"end":{"line":11,"column":35}},{"start":{"line":11,"column":39},"end":{"line":11,"column":41}}]},"5":{"line":27,"type":"if","locations":[{"start":{"line":27,"column":12},"end":{"line":27,"column":12}},{"start":{"line":27,"column":12},"end":{"line":27,"column":12}}]},"6":{"line":31,"type":"if","locations":[{"start":{"line":31,"column":12},"end":{"line":31,"column":12}},{"start":{"line":31,"column":12},"end":{"line":31,"column":12}}]},"7":{"line":35,"type":"if","locations":[{"start":{"line":35,"column":12},"end":{"line":35,"column":12}},{"start":{"line":35,"column":12},"end":{"line":35,"column":12}}]}},"l":{"2":1,"4":1,"5":0,"7":1,"8":1,"11":0,"12":0,"17":1,"18":1,"19":1,"23":1,"24":3,"25":3,"27":3,"28":1,"31":2,"32":1,"35":1,"36":1,"39":1,"44":1,"47":1}}}
