TN:
SF:/var/www/00-opensource/tdd-playground/word-wrap/js/WordWrapString.js
FN:2,(anonymous_1)
FN:14,(anonymous_2)
FN:17,(anonymous_3)
FN:23,wrap
FNF:4
FNH:4
FNDA:1,(anonymous_1)
FNDA:1,(anonymous_2)
FNDA:1,(anonymous_3)
FNDA:3,wrap
DA:2,1
DA:4,1
DA:5,0
DA:7,1
DA:8,1
DA:11,0
DA:12,0
DA:17,1
DA:18,1
DA:19,1
DA:23,1
DA:24,3
DA:25,3
DA:27,3
DA:28,1
DA:31,2
DA:32,1
DA:35,1
DA:36,1
DA:39,1
DA:44,1
DA:47,1
LF:22
LH:19
BRDA:4,1,0,0
BRDA:4,1,1,1
BRDA:4,2,0,1
BRDA:4,2,1,0
BRDA:7,3,0,1
BRDA:7,3,1,0
BRDA:11,4,0,0
BRDA:11,4,1,0
BRDA:27,5,0,1
BRDA:27,5,1,2
BRDA:31,6,0,1
BRDA:31,6,1,1
BRDA:35,7,0,1
BRDA:35,7,1,0
BRF:14
BRH:8
end_of_record
